[debug] [2026-03-02T11:37:29.083Z] ----------------------------------------------------------------------
[debug] [2026-03-02T11:37:29.087Z] Command:       C:\Program Files\nodejs\node.exe C:\Users\LENOVO\AppData\Roaming\npm\node_modules\firebase-tools\lib\bin\firebase.js init
[debug] [2026-03-02T11:37:29.087Z] CLI Version:   15.8.0
[debug] [2026-03-02T11:37:29.087Z] Platform:      win32
[debug] [2026-03-02T11:37:29.087Z] Node Version:  v24.14.0
[debug] [2026-03-02T11:37:29.087Z] Time:          Mon Mar 02 2026 18:37:29 GMT+0700 (เวลาอินโดจีน)
[debug] [2026-03-02T11:37:29.087Z] ----------------------------------------------------------------------
[debug] 
[info] 
     ######## #### ########  ######## ########     ###     ######  ########
     ##        ##  ##     ## ##       ##     ##  ##   ##  ##       ##
     ######    ##  ########  ######   ########  #########  ######  ######
     ##        ##  ##    ##  ##       ##     ## ##     ##       ## ##
     ##       #### ##     ## ######## ########  ##     ##  ######  ########

You're about to initialize a Firebase project in this directory:

  C:\DT66\webusers

Before we get started, keep in mind:

  * You are currently outside your home directory

[info] 
=== Project Setup
[info] 
[info] First, let's associate this project directory with a Firebase project.
[info] You can create multiple project aliases by running firebase use --add, 
[info] 
[info] i  If you want to create a project in a Google Cloud organization or folder, please use "firebase projects:create" instead, and return to this command when you've created the project. 
[debug] [2026-03-02T11:37:47.275Z] > command requires scopes: ["email","openid","https://www.googleapis.com/auth/cloudplatformprojects.readonly","https://www.googleapis.com/auth/firebase","https://www.googleapis.com/auth/cloud-platform"]
[debug] [2026-03-02T11:37:47.275Z] > authorizing via signed-in user (spayy21470@gmail.com)
[debug] [2026-03-02T11:38:47.984Z] Checked if tokens are valid: true, expires at: 1772454038782
[debug] [2026-03-02T11:38:47.985Z] Checked if tokens are valid: true, expires at: 1772454038782
[debug] [2026-03-02T11:38:47.988Z] >>> [apiv2][query] POST https://firebase.googleapis.com/v1/projects:checkProjectId [none]
[debug] [2026-03-02T11:38:47.988Z] >>> [apiv2][body] POST https://firebase.googleapis.com/v1/projects:checkProjectId {"proposedId":"user_information"}
[debug] [2026-03-02T11:38:48.291Z] <<< [apiv2][status] POST https://firebase.googleapis.com/v1/projects:checkProjectId 400
[debug] [2026-03-02T11:38:48.291Z] <<< [apiv2][body] POST https://firebase.googleapis.com/v1/projects:checkProjectId {"error":{"code":400,"message":"Request contains an invalid argument.","status":"INVALID_ARGUMENT"}}
[debug] [2026-03-02T11:38:48.293Z] Couldn't check if project ID user_information is available. Original error: FirebaseError: Failed to check if project ID is available. See firebase-debug.log for more info.
[debug] [2026-03-02T11:39:17.539Z] Checked if tokens are valid: true, expires at: 1772454038782
[debug] [2026-03-02T11:39:17.539Z] Checked if tokens are valid: true, expires at: 1772454038782
[debug] [2026-03-02T11:39:17.539Z] >>> [apiv2][query] POST https://cloudresourcemanager.googleapis.com/v1/projects [none]
[debug] [2026-03-02T11:39:17.539Z] >>> [apiv2][body] POST https://cloudresourcemanager.googleapis.com/v1/projects {"projectId":"user_information","name":"build/web"}
[debug] [2026-03-02T11:39:18.897Z] <<< [apiv2][status] POST https://cloudresourcemanager.googleapis.com/v1/projects 400
[debug] [2026-03-02T11:39:18.898Z] <<< [apiv2][body] POST https://cloudresourcemanager.googleapis.com/v1/projects {"error":{"code":400,"message":"Request contains an invalid argument.","status":"INVALID_ARGUMENT","details":[{"@type":"type.googleapis.com/google.rpc.BadRequest","fieldViolations":[{"field":"project_id","description":"project_id contains invalid characters"},{"field":"display_name","description":"project display name contains invalid characters"}]},{"@type":"type.googleapis.com/google.rpc.Help","links":[{"url":"https://cloud.google.com/resource-manager/reference/rest/v1/projects"}]}]}}
[debug] [2026-03-02T11:39:19.120Z] FirebaseError: Request to https://cloudresourcemanager.googleapis.com/v1/projects had HTTP Error: 400, Request contains an invalid argument.
    at responseToError (C:\Users\LENOVO\AppData\Roaming\npm\node_modules\firebase-tools\lib\responseToError.js:53:12)
    at RetryOperation._fn (C:\Users\LENOVO\AppData\Roaming\npm\node_modules\firebase-tools\lib\apiv2.js:330:77)
    at process.processTicksAndRejections (node:internal/process/task_queues:104:5)
[error] 
[error] Error: Failed to create project. See firebase-debug.log for more info.
[debug] [2026-03-02T11:40:05.378Z] ----------------------------------------------------------------------
[debug] [2026-03-02T11:40:05.380Z] Command:       C:\Program Files\nodejs\node.exe C:\Users\LENOVO\AppData\Roaming\npm\node_modules\firebase-tools\lib\bin\firebase.js init
[debug] [2026-03-02T11:40:05.380Z] CLI Version:   15.8.0
[debug] [2026-03-02T11:40:05.380Z] Platform:      win32
[debug] [2026-03-02T11:40:05.380Z] Node Version:  v24.14.0
[debug] [2026-03-02T11:40:05.380Z] Time:          Mon Mar 02 2026 18:40:05 GMT+0700 (เวลาอินโดจีน)
[debug] [2026-03-02T11:40:05.380Z] ----------------------------------------------------------------------
[debug] 
[info] 
     ######## #### ########  ######## ########     ###     ######  ########
     ##        ##  ##     ## ##       ##     ##  ##   ##  ##       ##
     ######    ##  ########  ######   ########  #########  ######  ######
     ##        ##  ##    ##  ##       ##     ## ##     ##       ## ##
     ##       #### ##     ## ######## ########  ##     ##  ######  ########

You're about to initialize a Firebase project in this directory:

  C:\DT66\webusers

Before we get started, keep in mind:

  * You are currently outside your home directory

[info] 
=== Project Setup
[info] 
[info] First, let's associate this project directory with a Firebase project.
[info] You can create multiple project aliases by running firebase use --add, 
[info] 
[info] i  If you want to create a project in a Google Cloud organization or folder, please use "firebase projects:create" instead, and return to this command when you've created the project. 
[debug] [2026-03-02T11:40:16.890Z] > command requires scopes: ["email","openid","https://www.googleapis.com/auth/cloudplatformprojects.readonly","https://www.googleapis.com/auth/firebase","https://www.googleapis.com/auth/cloud-platform"]
[debug] [2026-03-02T11:40:16.890Z] > authorizing via signed-in user (spayy21470@gmail.com)
[debug] [2026-03-02T11:40:25.377Z] Checked if tokens are valid: true, expires at: 1772454038782
[debug] [2026-03-02T11:40:25.378Z] Checked if tokens are valid: true, expires at: 1772454038782
[debug] [2026-03-02T11:40:25.381Z] >>> [apiv2][query] POST https://firebase.googleapis.com/v1/projects:checkProjectId [none]
[debug] [2026-03-02T11:40:25.381Z] >>> [apiv2][body] POST https://firebase.googleapis.com/v1/projects:checkProjectId {"proposedId":"User Information"}
[debug] [2026-03-02T11:40:26.086Z] <<< [apiv2][status] POST https://firebase.googleapis.com/v1/projects:checkProjectId 200
[debug] [2026-03-02T11:40:26.087Z] <<< [apiv2][body] POST https://firebase.googleapis.com/v1/projects:checkProjectId {"projectIdStatus":"PROJECT_ID_NOT_VALID","suggestedProjectId":"user-information-44c1f"}
[debug] [2026-03-02T11:41:00.069Z] Checked if tokens are valid: true, expires at: 1772454038782
[debug] [2026-03-02T11:41:00.070Z] Checked if tokens are valid: true, expires at: 1772454038782
[debug] [2026-03-02T11:41:00.071Z] >>> [apiv2][query] POST https://firebase.googleapis.com/v1/projects:checkProjectId [none]
[debug] [2026-03-02T11:41:00.071Z] >>> [apiv2][body] POST https://firebase.googleapis.com/v1/projects:checkProjectId {"proposedId":"User-information"}
[debug] [2026-03-02T11:41:00.642Z] <<< [apiv2][status] POST https://firebase.googleapis.com/v1/projects:checkProjectId 200
[debug] [2026-03-02T11:41:00.642Z] <<< [apiv2][body] POST https://firebase.googleapis.com/v1/projects:checkProjectId {"projectIdStatus":"PROJECT_ID_NOT_VALID","suggestedProjectId":"user-information-fbe30"}
[debug] [2026-03-02T11:41:16.602Z] Checked if tokens are valid: true, expires at: 1772454038782
[debug] [2026-03-02T11:41:16.602Z] Checked if tokens are valid: true, expires at: 1772454038782
[debug] [2026-03-02T11:41:16.604Z] >>> [apiv2][query] POST https://firebase.googleapis.com/v1/projects:checkProjectId [none]
[debug] [2026-03-02T11:41:16.604Z] >>> [apiv2][body] POST https://firebase.googleapis.com/v1/projects:checkProjectId {"proposedId":"user-information-44c1f"}
[debug] [2026-03-02T11:41:16.973Z] <<< [apiv2][status] POST https://firebase.googleapis.com/v1/projects:checkProjectId 200
[debug] [2026-03-02T11:41:16.973Z] <<< [apiv2][body] POST https://firebase.googleapis.com/v1/projects:checkProjectId {"projectIdStatus":"PROJECT_ID_AVAILABLE","suggestedProjectId":"user-information-44c1f"}
[debug] [2026-03-02T11:41:27.759Z] Checked if tokens are valid: true, expires at: 1772454038782
[debug] [2026-03-02T11:41:27.760Z] Checked if tokens are valid: true, expires at: 1772454038782
[debug] [2026-03-02T11:41:27.760Z] >>> [apiv2][query] POST https://cloudresourcemanager.googleapis.com/v1/projects [none]
[debug] [2026-03-02T11:41:27.760Z] >>> [apiv2][body] POST https://cloudresourcemanager.googleapis.com/v1/projects {"projectId":"user-information-44c1f","name":"build/web"}
[debug] [2026-03-02T11:41:29.035Z] <<< [apiv2][status] POST https://cloudresourcemanager.googleapis.com/v1/projects 400
[debug] [2026-03-02T11:41:29.035Z] <<< [apiv2][body] POST https://cloudresourcemanager.googleapis.com/v1/projects {"error":{"code":400,"message":"field [display_name] has issue [project display name contains invalid characters]","status":"INVALID_ARGUMENT","details":[{"@type":"type.googleapis.com/google.rpc.BadRequest","fieldViolations":[{"field":"display_name","description":"project display name contains invalid characters"}]},{"@type":"type.googleapis.com/google.rpc.Help","links":[{"url":"https://cloud.google.com/resource-manager/reference/rest/v1/projects"}]}]}}
[debug] [2026-03-02T11:41:29.168Z] FirebaseError: Request to https://cloudresourcemanager.googleapis.com/v1/projects had HTTP Error: 400, field [display_name] has issue [project display name contains invalid characters]
    at responseToError (C:\Users\LENOVO\AppData\Roaming\npm\node_modules\firebase-tools\lib\responseToError.js:53:12)
    at RetryOperation._fn (C:\Users\LENOVO\AppData\Roaming\npm\node_modules\firebase-tools\lib\apiv2.js:330:77)
    at process.processTicksAndRejections (node:internal/process/task_queues:104:5)
[error] 
[error] Error: Failed to create project. See firebase-debug.log for more info.
